Vivado Simulator 2019.2
Copyright 1986-1999, 2001-2019 Xilinx, Inc. All Rights Reserved.
Running: /apps/xilinx/Vivado/2019.2/bin/unwrapped/lnx64.o/xelab -debug typical async_fifo_integrated_tb -snapshot work.sim 
Multi-threading is on. Using 94 slave threads.
Starting static elaboration
Pass Through NonSizing Optimizer
Completed static elaboration
Starting simulation data flow analysis
Completed simulation data flow analysis
Time Resolution for simulation is 1ps
Compiling module work.reset_sync
Compiling module work.sync_2ff
Compiling module work.async_fifo_default
Compiling module work.async_fifo_reset_safe
Compiling module work.async_fifo_integrated_tb
Built simulation snapshot work.sim

****** Webtalk v2019.2 (64-bit)
  **** SW Build 2708876 on Wed Nov  6 21:39:14 MST 2019
  **** IP Build 2700528 on Thu Nov  7 00:09:20 MST 2019
    ** Copyright 1986-2019 Xilinx, Inc. All Rights Reserved.

source /home/vsudhanvi/rtl-cdc-reset-datamover/reports/run_20260403_080533/xsim.dir/work.sim/webtalk/xsim_webtalk.tcl -notrace
INFO: [Common 17-206] Exiting Webtalk at Fri Apr  3 08:05:38 2026...
